This is pdfTeX, Version 3.14159265-2.6-1.40.18 (TeX Live 2017/Debian) (preloaded format=pdflatex 2018.10.16)  12 DEC 2018 21:11
entering extended mode
 restricted \write18 enabled.
 %&-line parsing enabled.
**modelo-de-tcc.tex
(./modelo-de-tcc.tex
LaTeX2e <2017-04-15>
Babel <3.18> and hyphenation patterns for 84 language(s) loaded.
(./tcc-ufvjm.cls
Document Class: tcc-ufvjm 2001/04/21 v1.4e Standard LaTeX document class
(/usr/share/texlive/texmf-dist/tex/latex/base/size12.clo
File: size12.clo 2014/09/29 v1.4h Standard LaTeX file (size option)
)
\c@part=\count79
\c@chapter=\count80
\c@section=\count81
\c@subsection=\count82
\c@subsubsection=\count83
\c@paragraph=\count84
\c@subparagraph=\count85
\c@figure=\count86
\c@table=\count87
\abovecaptionskip=\skip41
\belowcaptionskip=\skip42
\bibindent=\dimen102
)
(/usr/share/texlive/texmf-dist/tex/latex/psnfss/mathptmx.sty
Package: mathptmx 2005/04/12 PSNFSS-v9.2a Times w/ Math, improved (SPQR, WaS) 
LaTeX Font Info:    Redeclaring symbol font `operators' on input line 28.
LaTeX Font Info:    Overwriting symbol font `operators' in version `normal'
(Font)                  OT1/cmr/m/n --> OT1/ztmcm/m/n on input line 28.
LaTeX Font Info:    Overwriting symbol font `operators' in version `bold'
(Font)                  OT1/cmr/bx/n --> OT1/ztmcm/m/n on input line 28.
LaTeX Font Info:    Redeclaring symbol font `letters' on input line 29.
LaTeX Font Info:    Overwriting symbol font `letters' in version `normal'
(Font)                  OML/cmm/m/it --> OML/ztmcm/m/it on input line 29.
LaTeX Font Info:    Overwriting symbol font `letters' in version `bold'
(Font)                  OML/cmm/b/it --> OML/ztmcm/m/it on input line 29.
LaTeX Font Info:    Redeclaring symbol font `symbols' on input line 30.
LaTeX Font Info:    Overwriting symbol font `symbols' in version `normal'
(Font)                  OMS/cmsy/m/n --> OMS/ztmcm/m/n on input line 30.
LaTeX Font Info:    Overwriting symbol font `symbols' in version `bold'
(Font)                  OMS/cmsy/b/n --> OMS/ztmcm/m/n on input line 30.
LaTeX Font Info:    Redeclaring symbol font `largesymbols' on input line 31.
LaTeX Font Info:    Overwriting symbol font `largesymbols' in version `normal'
(Font)                  OMX/cmex/m/n --> OMX/ztmcm/m/n on input line 31.
LaTeX Font Info:    Overwriting symbol font `largesymbols' in version `bold'
(Font)                  OMX/cmex/m/n --> OMX/ztmcm/m/n on input line 31.
\symbold=\mathgroup4
\symitalic=\mathgroup5
LaTeX Font Info:    Redeclaring math alphabet \mathbf on input line 34.
LaTeX Font Info:    Overwriting math alphabet `\mathbf' in version `normal'
(Font)                  OT1/cmr/bx/n --> OT1/ptm/bx/n on input line 34.
LaTeX Font Info:    Overwriting math alphabet `\mathbf' in version `bold'
(Font)                  OT1/cmr/bx/n --> OT1/ptm/bx/n on input line 34.
LaTeX Font Info:    Redeclaring math alphabet \mathit on input line 35.
LaTeX Font Info:    Overwriting math alphabet `\mathit' in version `normal'
(Font)                  OT1/cmr/m/it --> OT1/ptm/m/it on input line 35.
LaTeX Font Info:    Overwriting math alphabet `\mathit' in version `bold'
(Font)                  OT1/cmr/bx/it --> OT1/ptm/m/it on input line 35.
LaTeX Info: Redefining \hbar on input line 50.
)
(/usr/share/texlive/texmf-dist/tex/latex/amsmath/amsmath.sty
Package: amsmath 2017/09/02 v2.17a AMS math features
\@mathmargin=\skip43

For additional information on amsmath, use the `?' option.
(/usr/share/texlive/texmf-dist/tex/latex/amsmath/amstext.sty
Package: amstext 2000/06/29 v2.01 AMS text

(/usr/share/texlive/texmf-dist/tex/latex/amsmath/amsgen.sty
File: amsgen.sty 1999/11/30 v2.0 generic functions
\@emptytoks=\toks14
\ex@=\dimen103
))
(/usr/share/texlive/texmf-dist/tex/latex/amsmath/amsbsy.sty
Package: amsbsy 1999/11/29 v1.2d Bold Symbols
\pmbraise@=\dimen104
)
(/usr/share/texlive/texmf-dist/tex/latex/amsmath/amsopn.sty
Package: amsopn 2016/03/08 v2.02 operator names
)
\inf@bad=\count88
LaTeX Info: Redefining \frac on input line 213.
\uproot@=\count89
\leftroot@=\count90
LaTeX Info: Redefining \overline on input line 375.
\classnum@=\count91
\DOTSCASE@=\count92
LaTeX Info: Redefining \ldots on input line 472.
LaTeX Info: Redefining \dots on input line 475.
LaTeX Info: Redefining \cdots on input line 596.
\Mathstrutbox@=\box26
\strutbox@=\box27
\big@size=\dimen105
LaTeX Font Info:    Redeclaring font encoding OML on input line 712.
LaTeX Font Info:    Redeclaring font encoding OMS on input line 713.
\macc@depth=\count93
\c@MaxMatrixCols=\count94
\dotsspace@=\muskip10
\c@parentequation=\count95
\dspbrk@lvl=\count96
\tag@help=\toks15
\row@=\count97
\column@=\count98
\maxfields@=\count99
\andhelp@=\toks16
\eqnshift@=\dimen106
\alignsep@=\dimen107
\tagshift@=\dimen108
\tagwidth@=\dimen109
\totwidth@=\dimen110
\lineht@=\dimen111
\@envbody=\toks17
\multlinegap=\skip44
\multlinetaggap=\skip45
\mathdisplay@stack=\toks18
LaTeX Info: Redefining \[ on input line 2817.
LaTeX Info: Redefining \] on input line 2818.
)
(/usr/share/texlive/texmf-dist/tex/latex/amscls/amsthm.sty
Package: amsthm 2017/10/31 v2.20.4
\thm@style=\toks19
\thm@bodyfont=\toks20
\thm@headfont=\toks21
\thm@notefont=\toks22
\thm@headpunct=\toks23
\thm@preskip=\skip46
\thm@postskip=\skip47
\thm@headsep=\skip48
\dth@everypar=\toks24
)
(/usr/share/texlive/texmf-dist/tex/latex/amsfonts/amsfonts.sty
Package: amsfonts 2013/01/14 v3.01 Basic AMSFonts support
\symAMSa=\mathgroup6
\symAMSb=\mathgroup7
LaTeX Font Info:    Overwriting math alphabet `\mathfrak' in version `bold'
(Font)                  U/euf/m/n --> U/euf/b/n on input line 106.
)
(/usr/share/texlive/texmf-dist/tex/latex/amsfonts/amssymb.sty
Package: amssymb 2013/01/14 v3.01 AMS font symbols
)
(/usr/share/texlive/texmf-dist/tex/latex/graphics/graphicx.sty
Package: graphicx 2017/06/01 v1.1a Enhanced LaTeX Graphics (DPC,SPQR)

(/usr/share/texlive/texmf-dist/tex/latex/graphics/keyval.sty
Package: keyval 2014/10/28 v1.15 key=value parser (DPC)
\KV@toks@=\toks25
)
(/usr/share/texlive/texmf-dist/tex/latex/graphics/graphics.sty
Package: graphics 2017/06/25 v1.2c Standard LaTeX Graphics (DPC,SPQR)

(/usr/share/texlive/texmf-dist/tex/latex/graphics/trig.sty
Package: trig 2016/01/03 v1.10 sin cos tan (DPC)
)
(/usr/share/texlive/texmf-dist/tex/latex/graphics-cfg/graphics.cfg
File: graphics.cfg 2016/06/04 v1.11 sample graphics configuration
)
Package graphics Info: Driver file: pdftex.def on input line 99.

(/usr/share/texlive/texmf-dist/tex/latex/graphics-def/pdftex.def
File: pdftex.def 2018/01/08 v1.0l Graphics/color driver for pdftex
))
\Gin@req@height=\dimen112
\Gin@req@width=\dimen113
)
(/usr/share/texlive/texmf-dist/tex/latex/amsfonts/eucal.sty
Package: eucal 2009/06/22 v3.00 Euler Script fonts
LaTeX Font Info:    Overwriting math alphabet `\EuScript' in version `bold'
(Font)                  U/eus/m/n --> U/eus/b/n on input line 33.
)
(/usr/share/texlive/texmf-dist/tex/latex/base/latexsym.sty
Package: latexsym 1998/08/17 v2.2e Standard LaTeX package (lasy symbols)
\symlasy=\mathgroup8
LaTeX Font Info:    Overwriting symbol font `lasy' in version `bold'
(Font)                  U/lasy/m/n --> U/lasy/b/n on input line 52.
)
(/usr/share/texlive/texmf-dist/tex/generic/babel/babel.sty
Package: babel 2018/02/14 3.18 The Babel package

(/usr/share/texlive/texmf-dist/tex/generic/babel/switch.def
File: switch.def 2018/02/14 3.18 Babel switching mechanism
)
(/usr/share/texlive/texmf-dist/tex/generic/babel-portuges/portuges.ldf
Language: portuges 2008/03/18 v1.2q Portuguese support from the babel system

(/usr/share/texlive/texmf-dist/tex/generic/babel/babel.def
File: babel.def 2018/02/14 3.18 Babel common definitions
\babel@savecnt=\count100
\U@D=\dimen114

(/usr/share/texlive/texmf-dist/tex/generic/babel/txtbabel.def)
\bbl@dirlevel=\count101
)
\l@brazil = a dialect from \language\l@portuges 
Package babel Info: Making " an active character on input line 145.
))
(/usr/share/texlive/texmf-dist/tex/latex/base/inputenc.sty
Package: inputenc 2015/03/17 v1.2c Input encoding file
\inpenc@prehook=\toks26
\inpenc@posthook=\toks27

(/usr/share/texlive/texmf-dist/tex/latex/base/latin1.def
File: latin1.def 2015/03/17 v1.2c Input encoding file
))
(/usr/share/texlive/texmf-dist/tex/latex/tools/bm.sty
Package: bm 2017/01/16 v1.2c Bold Symbol Support (DPC/FMi)
\symboldlasy=\mathgroup9
LaTeX Info: Redefining \bm on input line 207.
)
(/usr/share/texlive/texmf-dist/tex/generic/xypic/xy.sty
(/usr/share/texlive/texmf-dist/tex/generic/xypic/xy.tex Bootstrap'ing:
catcodes, docmode, (/usr/share/texlive/texmf-dist/tex/generic/xypic/xyrecat.tex
) (/usr/share/texlive/texmf-dist/tex/generic/xypic/xyidioms.tex)

 Xy-pic version 3.8.9 <2013/10/06>
 Copyright (c) 1991-2013 by Kristoffer H. Rose <krisrose@tug.org> and others
 Xy-pic is free software: see the User's Guide for details.

Loading kernel: messages; fonts; allocations: state,
\X@c=\dimen115
\Y@c=\dimen116
\U@c=\dimen117
\D@c=\dimen118
\L@c=\dimen119
\R@c=\dimen120
\Edge@c=\toks28
\X@p=\dimen121
\Y@p=\dimen122
\U@p=\dimen123
\D@p=\dimen124
\L@p=\dimen125
\R@p=\dimen126
\Edge@p=\toks29
\X@origin=\dimen127
\Y@origin=\dimen128
\X@xbase=\dimen129
\Y@xbase=\dimen130
\X@ybase=\dimen131
\Y@ybase=\dimen132
\X@min=\dimen133
\Y@min=\dimen134
\X@max=\dimen135
\Y@max=\dimen136
\lastobjectbox@=\box28
\zerodotbox@=\box29
\almostz@=\dimen137
 direction,
\d@X=\dimen138
\d@Y=\dimen139
\K@=\count102
\KK@=\count103
\Direction=\count104
\K@dXdY=\dimen140
\K@dYdX=\dimen141
\xyread@=\read1
\xywrite@=\write3
\csp@=\count105
\quotPTK@=\dimen142

utility macros; pictures: \xy, positions,
\swaptoks@@=\toks30
\connectobjectbox@@=\box30
 objects,
\styletoks@=\toks31
 decorations;
kernel objects: directionals, circles, text; options; algorithms: directions,
edges, connections;  Xy-pic loaded)
(/usr/share/texlive/texmf-dist/tex/generic/oberdiek/ifpdf.sty
Package: ifpdf 2017/03/15 v3.2 Provides the ifpdf switch
)
Package: xy 2013/10/06 Xy-pic version 3.8.9

(/usr/share/texlive/texmf-dist/tex/generic/xypic/xyall.tex
 Xy-pic option: All features v.3.8
(/usr/share/texlive/texmf-dist/tex/generic/xypic/xycurve.tex
 Xy-pic option: Curve and Spline extension v.3.12 curve,
\crv@cnt@=\count106
\crvpts@=\toks32
\splinebox@=\box31
\splineval@=\dimen143
\splinedepth@=\dimen144
\splinetol@=\dimen145
\splinelength@=\dimen146
 circles,
\L@=\dimen147
 loaded)
(/usr/share/texlive/texmf-dist/tex/generic/xypic/xyframe.tex
 Xy-pic option: Frame and Bracket extension v.3.14 loaded)
(/usr/share/texlive/texmf-dist/tex/generic/xypic/xycmtip.tex
 Xy-pic option: Computer Modern tip extension v.3.7
(/usr/share/texlive/texmf-dist/tex/generic/xypic/xytips.tex
 Xy-pic option: More Tips extension v.3.11 loaded) loaded)
(/usr/share/texlive/texmf-dist/tex/generic/xypic/xyline.tex
 Xy-pic option: Line styles extension v.3.10
\xylinethick@=\dimen148
 loaded)
(/usr/share/texlive/texmf-dist/tex/generic/xypic/xyrotate.tex
 Xy-pic option: Rotate and Scale extension v.3.8 loaded)
(/usr/share/texlive/texmf-dist/tex/generic/xypic/xycolor.tex
 Xy-pic option: Colour extension v.3.11 loaded)
(/usr/share/texlive/texmf-dist/tex/generic/xypic/xymatrix.tex
 Xy-pic option: Matrix feature v.3.14
\Row=\count107
\Col=\count108
\queue@=\toks33
\queue@@=\toks34
\qcount@=\count109
\qcount@@=\count110
\matrixsize@=\count111
 loaded)
(/usr/share/texlive/texmf-dist/tex/generic/xypic/xyarrow.tex
 Xy-pic option: Arrow and Path feature v.3.9 path, \ar, loaded)
(/usr/share/texlive/texmf-dist/tex/generic/xypic/xygraph.tex
 Xy-pic option: Graph feature v.3.11 loaded) loaded)
(/usr/share/texlive/texmf-dist/tex/generic/xypic/xypdf.tex
 Xy-pic option: PDF driver v.1.7 Xy-pic pdf driver: `color' extension support
(/usr/share/texlive/texmf-dist/tex/generic/xypic/xypdf-co.tex loaded)
Xy-pic pdf driver: `curve' extension support
(/usr/share/texlive/texmf-dist/tex/generic/xypic/xypdf-cu.tex loaded)
Xy-pic pdf driver: `frame' extension support
(/usr/share/texlive/texmf-dist/tex/generic/xypic/xypdf-fr.tex loaded)
Xy-pic pdf driver: `line' extension support
(/usr/share/texlive/texmf-dist/tex/generic/xypic/xypdf-li.tex loaded)
Xy-pic pdf driver: `rotate' extension support
(/usr/share/texlive/texmf-dist/tex/generic/xypic/xypdf-ro.tex loaded) loaded))
(/usr/share/texlive/texmf-dist/tex/latex/base/makeidx.sty
Package: makeidx 2014/09/29 v1.0m Standard LaTeX package
)
\@indexfile=\write4
\openout4 = `modelo-de-tcc.idx'.


Writing index file modelo-de-tcc.idx
(./pos-textual/referencias/abntex2cite.sty

LaTeX Warning: You have requested package `pos-textual/referencias/abntex2cite'
,
               but the package provides `abntex2cite'.

Package: abntex2cite 2014/01/26 v1.9.2 abnTeX2
(/usr/share/texlive/texmf-dist/tex/latex/base/ifthen.sty
Package: ifthen 2014/09/29 v1.1c Standard LaTeX ifthen package (DPC)
)
(/usr/share/texlive/texmf-dist/tex/latex/tools/calc.sty
Package: calc 2014/10/28 v4.3 Infix arithmetic (KKT,FJ)
\calc@Acount=\count112
\calc@Bcount=\count113
\calc@Adimen=\dimen149
\calc@Bdimen=\dimen150
\calc@Askip=\skip49
\calc@Bskip=\skip50
LaTeX Info: Redefining \setlength on input line 80.
LaTeX Info: Redefining \addtolength on input line 81.
\calc@Ccount=\count114
\calc@Cskip=\skip51
)
(./pos-textual/referencias/abntex2abrev.sty)
(/usr/share/texlive/texmf-dist/tex/latex/url/url.sty
\Urlmuskip=\muskip11
Package: url 2013/09/16  ver 3.4  Verb mode for urls, etc.
)
\minimumbiblabelwidth=\skip52
\ABCIauxlen=\skip53
\c@ABCIaux=\count115
\c@ABCImax=\count116

(/usr/share/texlive/texmf-dist/tex/generic/ifxetex/ifxetex.sty
Package: ifxetex 2010/09/12 v0.6 Provides ifxetex conditional
)
(/usr/share/texlive/texmf-dist/tex/latex/relsize/relsize.sty
Package: relsize 2013/03/29 ver 4.1
)
\biblabelsep=\skip54
LaTeX Info: Redefining \newblock on input line 676.
LaTeX Info: Redefining \cite on input line 703.
\ABCItoken=\toks35
)
(/usr/share/texlive/texmf-dist/tex/latex/float/float.sty
Package: float 2001/11/08 v1.3d Float enhancements (AL)
\c@float@type=\count117
\float@exts=\toks36
\float@box=\box32
\@float@everytoks=\toks37
\@floatcapt=\box33
)
(/usr/share/texlive/texmf-dist/tex/generic/ulem/ulem.sty
\UL@box=\box34
\UL@hyphenbox=\box35
\UL@skip=\skip55
\UL@hook=\toks38
\UL@height=\dimen151
\UL@pe=\count118
\UL@pixel=\dimen152
\ULC@box=\box36
Package: ulem 2012/05/18
\ULdepth=\dimen153
)
(/usr/share/texlive/texmf-dist/tex/latex/tools/verbatim.sty
Package: verbatim 2014/10/28 v1.5q LaTeX2e package for verbatim enhancements
\every@verbatim=\toks39
\verbatim@line=\toks40
\verbatim@in@stream=\read2
)
(/usr/share/texlive/texmf-dist/tex/latex/tools/array.sty
Package: array 2016/10/06 v2.4d Tabular extension package (FMi)
\col@sep=\dimen154
\extrarowheight=\dimen155
\NC@list=\toks41
\extratabsurround=\skip56
\backup@length=\skip57
)
(/usr/share/texlive/texmf-dist/tex/latex/tools/longtable.sty
Package: longtable 2014/10/28 v4.11 Multi-page Table package (DPC)
\LTleft=\skip58
\LTright=\skip59
\LTpre=\skip60
\LTpost=\skip61
\LTchunksize=\count119
\LTcapwidth=\dimen156
\LT@head=\box37
\LT@firsthead=\box38
\LT@foot=\box39
\LT@lastfoot=\box40
\LT@cols=\count120
\LT@rows=\count121
\c@LT@tables=\count122
\c@LT@chunks=\count123
\LT@p@ftn=\toks42
)
\c@theorem=\count124
\c@axiom=\count125
\c@corollary=\count126
\c@lemma=\count127
\c@proposition=\count128
\c@definition=\count129
\c@example=\count130
\c@remark=\count131

(./modelo-de-tcc.aux (./pre-textual/dedicatoria.aux)
(./pre-textual/agradecimento.aux) (./pre-textual/epigrafe.aux)
(./pre-textual/resumo-ptbr.aux) (./pre-textual/resumo-en.aux)
(./pre-textual/siglas.aux) (./capitulos/introducao.aux)
(./capitulos/fundamentos-conceituais.aux)
(./capitulos/revisao-de-literatura.aux) (./capitulos/metodologia.aux)
(./capitulos/resultados.aux

LaTeX Warning: Label `arvoreDecisao' multiply defined.

) (./capitulos/conclusao.aux))
\openout1 = `modelo-de-tcc.aux'.

LaTeX Font Info:    Checking defaults for OML/cmm/m/it on input line 89.
LaTeX Font Info:    ... okay on input line 89.
LaTeX Font Info:    Checking defaults for T1/cmr/m/n on input line 89.
LaTeX Font Info:    ... okay on input line 89.
LaTeX Font Info:    Checking defaults for OT1/cmr/m/n on input line 89.
LaTeX Font Info:    ... okay on input line 89.
LaTeX Font Info:    Checking defaults for OMS/cmsy/m/n on input line 89.
LaTeX Font Info:    ... okay on input line 89.
LaTeX Font Info:    Checking defaults for OMX/cmex/m/n on input line 89.
LaTeX Font Info:    ... okay on input line 89.
LaTeX Font Info:    Checking defaults for U/cmr/m/n on input line 89.
LaTeX Font Info:    ... okay on input line 89.
LaTeX Font Info:    Try loading font information for OT1+ptm on input line 89.

(/usr/share/texlive/texmf-dist/tex/latex/psnfss/ot1ptm.fd
File: ot1ptm.fd 2001/06/04 font definitions for OT1/ptm.
)
(/usr/share/texlive/texmf-dist/tex/context/base/mkii/supp-pdf.mkii
[Loading MPS to PDF converter (version 2006.09.02).]
\scratchcounter=\count132
\scratchdimen=\dimen157
\scratchbox=\box41
\nofMPsegments=\count133
\nofMParguments=\count134
\everyMPshowfont=\toks43
\MPscratchCnt=\count135
\MPscratchDim=\dimen158
\MPnumerator=\count136
\makeMPintoPDFobject=\count137
\everyMPtoPDFconversion=\toks44
) (/usr/share/texlive/texmf-dist/tex/latex/oberdiek/epstopdf-base.sty
Package: epstopdf-base 2016/05/15 v2.6 Base part for package epstopdf

(/usr/share/texlive/texmf-dist/tex/generic/oberdiek/infwarerr.sty
Package: infwarerr 2016/05/16 v1.4 Providing info/warning/error messages (HO)
)
(/usr/share/texlive/texmf-dist/tex/latex/oberdiek/grfext.sty
Package: grfext 2016/05/16 v1.2 Manage graphics extensions (HO)

(/usr/share/texlive/texmf-dist/tex/generic/oberdiek/kvdefinekeys.sty
Package: kvdefinekeys 2016/05/16 v1.4 Define keys (HO)

(/usr/share/texlive/texmf-dist/tex/generic/oberdiek/ltxcmds.sty
Package: ltxcmds 2016/05/16 v1.23 LaTeX kernel commands for general use (HO)
)))
(/usr/share/texlive/texmf-dist/tex/latex/oberdiek/kvoptions.sty
Package: kvoptions 2016/05/16 v3.12 Key value format for package options (HO)

(/usr/share/texlive/texmf-dist/tex/generic/oberdiek/kvsetkeys.sty
Package: kvsetkeys 2016/05/16 v1.17 Key value parser (HO)

(/usr/share/texlive/texmf-dist/tex/generic/oberdiek/etexcmds.sty
Package: etexcmds 2016/05/16 v1.6 Avoid name clashes with e-TeX commands (HO)

(/usr/share/texlive/texmf-dist/tex/generic/oberdiek/ifluatex.sty
Package: ifluatex 2016/05/16 v1.4 Provides the ifluatex switch (HO)
Package ifluatex Info: LuaTeX not detected.
)
Package etexcmds Info: Could not find \expanded.
(etexcmds)             That can mean that you are not using pdfTeX 1.50 or
(etexcmds)             that some package has redefined \expanded.
(etexcmds)             In the latter case, load this package earlier.
)))
(/usr/share/texlive/texmf-dist/tex/generic/oberdiek/pdftexcmds.sty
Package: pdftexcmds 2018/01/21 v0.26 Utility functions of pdfTeX for LuaTeX (HO
)
Package pdftexcmds Info: LuaTeX not detected.
Package pdftexcmds Info: \pdf@primitive is available.
Package pdftexcmds Info: \pdf@ifprimitive is available.
Package pdftexcmds Info: \pdfdraftmode found.
)
Package epstopdf-base Info: Redefining graphics rule for `.eps' on input line 4
38.
Package grfext Info: Graphics extension search list:
(grfext)             [.pdf,.png,.jpg,.mps,.jpeg,.jbig2,.jb2,.PDF,.PNG,.JPG,.JPE
G,.JBIG2,.JB2,.eps]
(grfext)             \AppendGraphicsExtensions on input line 456.

(/usr/share/texlive/texmf-dist/tex/latex/latexconfig/epstopdf-sys.cfg
File: epstopdf-sys.cfg 2010/07/13 v1.3 Configuration of (r)epstopdf for TeX Liv
e
))
LaTeX Font Info:    Try loading font information for OT1+ztmcm on input line 89
.

(/usr/share/texlive/texmf-dist/tex/latex/psnfss/ot1ztmcm.fd
File: ot1ztmcm.fd 2000/01/03 Fontinst v1.801 font definitions for OT1/ztmcm.
)
LaTeX Font Info:    Try loading font information for OML+ztmcm on input line 89
.

(/usr/share/texlive/texmf-dist/tex/latex/psnfss/omlztmcm.fd
File: omlztmcm.fd 2000/01/03 Fontinst v1.801 font definitions for OML/ztmcm.
)
LaTeX Font Info:    Try loading font information for OMS+ztmcm on input line 89
.

(/usr/share/texlive/texmf-dist/tex/latex/psnfss/omsztmcm.fd
File: omsztmcm.fd 2000/01/03 Fontinst v1.801 font definitions for OMS/ztmcm.
)
LaTeX Font Info:    Try loading font information for OMX+ztmcm on input line 89
.

(/usr/share/texlive/texmf-dist/tex/latex/psnfss/omxztmcm.fd
File: omxztmcm.fd 2000/01/03 Fontinst v1.801 font definitions for OMX/ztmcm.
)
LaTeX Font Info:    Font shape `OT1/ptm/bx/n' in size <12> not available
(Font)              Font shape `OT1/ptm/b/n' tried instead on input line 89.
LaTeX Font Info:    Font shape `OT1/ptm/bx/n' in size <9> not available
(Font)              Font shape `OT1/ptm/b/n' tried instead on input line 89.
LaTeX Font Info:    Font shape `OT1/ptm/bx/n' in size <7> not available
(Font)              Font shape `OT1/ptm/b/n' tried instead on input line 89.
LaTeX Font Info:    Try loading font information for U+lasy on input line 89.

(/usr/share/texlive/texmf-dist/tex/latex/base/ulasy.fd
File: ulasy.fd 1998/08/17 v2.2e LaTeX symbol font definitions
)
LaTeX Font Info:    Font shape `U/lasy/b/n' in size <9> not available
(Font)              Font shape `U/lasy/m/n' tried instead on input line 89.
LaTeX Font Info:    Font shape `U/lasy/b/n' in size <7> not available
(Font)              Font shape `U/lasy/m/n' tried instead on input line 89.
Package xypdf Info: Line width: 0.47987pt on input line 89.
 [1


{/var/lib/texmf/fonts/map/pdftex/updmap/pdftex.map}] [1

] [2

] [3

]
\openout2 = `pre-textual/dedicatoria.aux'.

 (./pre-textual/dedicatoria.tex
[4


])
\openout2 = `pre-textual/agradecimento.aux'.

 (./pre-textual/agradecimento.tex [5



])
\openout2 = `pre-textual/epigrafe.aux'.

 (./pre-textual/epigrafe.tex [6



])
\openout2 = `pre-textual/resumo-ptbr.aux'.


(./pre-textual/resumo-ptbr.tex [7



])
\openout2 = `pre-textual/resumo-en.aux'.

 (./pre-textual/resumo-en.tex [8




] [9])
[10



] (./modelo-de-tcc.lof
Overfull \hbox (6.59747pt too wide) in paragraph at lines 5--5
 [][] []\OT1/ptm/m/n/12 Modelo de Consci[]encia de Situa[][]ao em to-mada de de
-cis[]ao din[]amica. 
 []


Overfull \hbox (1.79881pt too wide) in paragraph at lines 17--17
 [][] []\OT1/ptm/m/n/12 Exemplo do for-mato de re-gra SE-ENT[]AO. Fonte: tra-du
-zido e adap- 
 []

)
\tf@lof=\write5
\openout5 = `modelo-de-tcc.lof'.

 [11] [12

] (./modelo-de-tcc.lot
Overfull \hbox (15.38147pt too wide) in paragraph at lines 5--5
 [][] []\OT1/ptm/m/n/12 Parte 1 - Es-tado da Arte - T[]ecnicas e m[]etodos apli
c[]aveis em Minera[][]ao 
 []


Overfull \hbox (15.38147pt too wide) in paragraph at lines 6--6
 [][] []\OT1/ptm/m/n/12 Parte 2 - Es-tado da Arte - T[]ecnicas e m[]etodos apli
c[]aveis em Minera[][]ao 
 []


Overfull \hbox (15.38147pt too wide) in paragraph at lines 7--7
 [][] []\OT1/ptm/m/n/12 Parte 3 - Es-tado da Arte - T[]ecnicas e m[]etodos apli
c[]aveis em Minera[][]ao 
 []

)
\tf@lot=\write6
\openout6 = `modelo-de-tcc.lot'.

 [13]
\openout2 = `pre-textual/siglas.aux'.

 (./pre-textual/siglas.tex [14


] [15]) [16



] (./modelo-de-tcc.toc [17])
\tf@toc=\write7
\openout7 = `modelo-de-tcc.toc'.


[18]
\openout2 = `capitulos/introducao.aux'.

 (./capitulos/introducao.tex
Cap\'{\i }tulo 1.

Underfull \vbox (badness 10000) has occurred while \output is active []

 [1



])
[2]
\openout2 = `capitulos/fundamentos-conceituais.aux'.

 (./capitulos/fundamentos-conceituais.tex
Cap\'{\i }tulo 2.

Overfull \hbox (4.9176pt too wide) in paragraph at lines 21--22
\OT1/ptm/m/n/12 posta por Ends-ley (1995) sendo se-pa-ra-dos em 3 n[]^^Pveis: \
OT1/ptm/m/it/12 percep[][]ao, com-pre-ens[]ao e proje[][]ao
 []

<figuras/Fluxo-SA.png, id=72, 788.9475pt x 544.0325pt>
File: figuras/Fluxo-SA.png Graphic file (type png)
<use figuras/Fluxo-SA.png>
Package pdftex.def Info: figuras/Fluxo-SA.png  used on input line 25.
(pdftex.def)             Requested size: 433.92245pt x 299.2188pt.

Overfull \hbox (7.13112pt too wide) in paragraph at lines 25--26
 [][] 
 []


Underfull \vbox (badness 10000) has occurred while \output is active []

 [3



]
LaTeX Font Info:    Font shape `OT1/ptm/bx/it' in size <12> not available
(Font)              Font shape `OT1/ptm/b/it' tried instead on input line 30.

Underfull \vbox (badness 2042) has occurred while \output is active []

 [4 <./figuras/Fluxo-SA.png>]
Overfull \hbox (5.03586pt too wide) in paragraph at lines 57--58
\OT1/ptm/m/n/12 para n[]ao es-quec[]e-las. A informa[][]ao con-ci-li-ada com co
-nhe-ci-mento pr[]evio em uma mem[]oria
 []

[5]
Overfull \hbox (2.6119pt too wide) in paragraph at lines 65--66
[]\OT1/ptm/m/n/12 Modelos Men-tais fo-ram de-fi-ni-dos por Rouse, W. B., and Mo
r-ris (1985 apud ENDS-
 []


Underfull \vbox (badness 10000) has occurred while \output is active []

 [6]
<figuras/Esquema-modelos-mentais.png, id=87, 698.61pt x 561.09625pt>
File: figuras/Esquema-modelos-mentais.png Graphic file (type png)
<use figuras/Esquema-modelos-mentais.png>
Package pdftex.def Info: figuras/Esquema-modelos-mentais.png  used on input lin
e 89.
(pdftex.def)             Requested size: 349.30414pt x 280.54744pt.

[7] [8 <./figuras/Esquema-modelos-mentais.png>]
<figuras/Areas-DM-traducao.png, id=94, 692.5875pt x 467.7475pt>
File: figuras/Areas-DM-traducao.png Graphic file (type png)
<use figuras/Areas-DM-traducao.png>
Package pdftex.def Info: figuras/Areas-DM-traducao.png  used on input line 114.

(pdftex.def)             Requested size: 450.17653pt x 304.03226pt.

Overfull \hbox (23.3852pt too wide) in paragraph at lines 114--115
 [][] 
 []

LaTeX Font Info:    Try loading font information for OMS+ptm on input line 127.

(/usr/share/texlive/texmf-dist/tex/latex/psnfss/omsptm.fd
File: omsptm.fd 
)
LaTeX Font Info:    Font shape `OMS/ptm/m/n' in size <12> not available
(Font)              Font shape `OMS/cmsy/m/n' tried instead on input line 127.
 [9 <./figuras/Areas-DM-traducao.png>]
Overfull \hbox (1.73695pt too wide) in paragraph at lines 154--155
\OT1/ptm/m/n/12 por de-sen-vol-ve-do-res de soft-ware, pro-fes-so-res, pes-qui-
sa-do-res edu-ca-ci-o-nais, em informa[][]ao
 []

<figuras/Etapas-EDM.png, id=101, 952.55875pt x 232.87pt>
File: figuras/Etapas-EDM.png Graphic file (type png)
<use figuras/Etapas-EDM.png>
Package pdftex.def Info: figuras/Etapas-EDM.png  used on input line 158.
(pdftex.def)             Requested size: 428.64748pt x 104.79051pt.

Overfull \hbox (1.85614pt too wide) in paragraph at lines 158--159
 [][] 
 []


Underfull \vbox (badness 6461) has occurred while \output is active []

 [10]
[11 <./figuras/Etapas-EDM.png>] [12]) [13]
\openout2 = `capitulos/revisao-de-literatura.aux'.


(./capitulos/revisao-de-literatura.tex [14



]
Cap\'{\i }tulo 3.

LaTeX Warning: Citation `Dorca201' on page 15 undefined on input line 12.


Underfull \vbox (badness 10000) has occurred while \output is active []

 [15]
Underfull \vbox (badness 10000) has occurred while \output is active []

 [16]
Overfull \hbox (5.19069pt too wide) in paragraph at lines 38--39
[]\OT1/ptm/m/n/12 Yin et al. (2012) mo-de-la-ram o uso da Consci[]encia Si-tu-a
-ci-o-nal para ava-liar Situa[][]oes
 []


Underfull \vbox (badness 10000) has occurred while \output is active []

 [17]
<figuras/SA_Framework_Salerno_Traduzido.png, id=127, 597.73312pt x 845.40843pt>

File: figuras/SA_Framework_Salerno_Traduzido.png Graphic file (type png)
<use figuras/SA_Framework_Salerno_Traduzido.png>
Package pdftex.def Info: figuras/SA_Framework_Salerno_Traduzido.png  used on in
put line 56.
(pdftex.def)             Requested size: 358.64264pt x 507.24896pt.

Underfull \vbox (badness 10000) has occurred while \output is active []

 [18]
[19 <./figuras/SA_Framework_Salerno_Traduzido.png>]
Underfull \hbox (badness 10000) in paragraph at lines 74--74
[]|\OT1/ptm/m/n/12 Salazar et al.
 []


Overfull \hbox (1.06938pt too wide) in paragraph at lines 75--75
[]|[]| 
 []


Underfull \hbox (badness 10000) in paragraph at lines 76--76
[]|\OT1/ptm/m/n/12 Ribeiro et al.
 []


Underfull \hbox (badness 10000) in paragraph at lines 79--79
[]|\OT1/ptm/m/n/12 Categoriza[][]ao dos
 []


Overfull \hbox (2.61693pt too wide) in paragraph at lines 82--82
[]|[]| 
 []


Underfull \hbox (badness 10000) in paragraph at lines 83--83
[]|\OT1/ptm/m/n/12 Garc[]^^Pa et al.
 []


Overfull \hbox (35.77357pt too wide) in paragraph at lines 70--85
[][] 
 []


Underfull \vbox (badness 10000) has occurred while \output is active []

 [20]
Overfull \vbox (39.85393pt too high) has occurred while \output is active []


[21]
Underfull \hbox (badness 10000) in paragraph at lines 99--99
[]|\OT1/ptm/m/n/12 Mitsch et al.
 []


Overfull \hbox (2.38214pt too wide) in paragraph at lines 101--101
[]|[]| 
 []


Overfull \hbox (2.38289pt too wide) in paragraph at lines 103--103
[]|[]| 
 []


Underfull \hbox (badness 3701) in paragraph at lines 104--104
[]|\OT1/ptm/m/n/12 Matthews et al.
 []


Overfull \hbox (35.77357pt too wide) in paragraph at lines 94--106
[][] 
 []


Overfull \vbox (15.554pt too high) has occurred while \output is active []


[22]
Underfull \hbox (badness 10000) in paragraph at lines 118--118
[]|\OT1/ptm/m/n/12 Salerno, Hin-
 []


Overfull \hbox (35.77357pt too wide) in paragraph at lines 114--120
[][] 
 []


Overfull \hbox (15.47427pt too wide) in paragraph at lines 125--126
[]\OT1/ptm/m/n/12 Este cap[]^^Ptulo apre-sen-tou m[]etodos e pes-qui-sas es-tu-
da-das para constru[][]ao de aplica[][]oes
 []


Overfull \hbox (7.96326pt too wide) in paragraph at lines 129--130
[]\OT1/ptm/m/n/12 Os cap[]^^Ptulos 4 e 5 apre-sen-tam o Mo-delo de Apoio ao En-
sino ori-en-tado a Consci[]encia
 []

) [23]
\openout2 = `capitulos/metodologia.aux'.

 (./capitulos/metodologia.tex [24



]
Cap\'{\i }tulo 4.
<figuras/teste_modelov02.png, id=152, 888.31876pt x 538.01pt>
File: figuras/teste_modelov02.png Graphic file (type png)
<use figuras/teste_modelov02.png>
Package pdftex.def Info: figuras/teste_modelov02.png  used on input line 11.
(pdftex.def)             Requested size: 506.34695pt x 306.66888pt.

Overfull \hbox (79.55562pt too wide) in paragraph at lines 11--12
 [][] 
 []


Underfull \vbox (badness 10000) has occurred while \output is active []

 [25]
Underfull \vbox (badness 10000) has occurred while \output is active []

 [26 <./figuras/teste_modelov02.png>]
Underfull \vbox (badness 10000) has occurred while \output is active []

 [27]
<figuras/Script-modelo-mental.png, id=163, 386.44376pt x 347.2975pt>
File: figuras/Script-modelo-mental.png Graphic file (type png)
<use figuras/Script-modelo-mental.png>
Package pdftex.def Info: figuras/Script-modelo-mental.png  used on input line 4
6.
(pdftex.def)             Requested size: 231.86804pt x 208.3801pt.
<figuras/Script-modelo-mental2.png, id=164, 348.30125pt x 323.2075pt>
File: figuras/Script-modelo-mental2.png Graphic file (type png)
<use figuras/Script-modelo-mental2.png>
Package pdftex.def Info: figuras/Script-modelo-mental2.png  used on input line 
55.
(pdftex.def)             Requested size: 208.98236pt x 193.926pt.

Overfull \hbox (4.89053pt too wide) in paragraph at lines 62--63
\OT1/ptm/m/n/12 dos. O re-sul-tado de-cor-rente da intera[][]ao Aluno X Pro-fes
-sor X Conte[]udos Te[]oricos/Pr[]aticos
 []

[28 <./figuras/Script-modelo-mental.png>]
Overfull \hbox (0.44104pt too wide) in paragraph at lines 70--71
\OT1/ptm/m/n/12 e ou identifica[][]ao da situa[][]ao. In[]umeras abor-da-gens p
o-dem ser en-car-re-ga-das desta fun[][]ao. 
 []

[29 <./figuras/Script-modelo-mental2.png>]
Overfull \hbox (2.52603pt too wide) in paragraph at lines 82--83
[]\OT1/ptm/m/n/12 A proje[][]ao di-fe-ren-te-mente da Com-pre-ens[]ao n[]ao tra
-ba-lha di-re-ta-mente com m[]etodos
 []

) [30]
\openout2 = `capitulos/resultados.aux'.

 (./capitulos/resultados.tex
Cap\'{\i }tulo 5.
<figuras/modelo_persp_comp.png, id=177, 1027.84pt x 492.84125pt>
File: figuras/modelo_persp_comp.png Graphic file (type png)
<use figuras/modelo_persp_comp.png>
Package pdftex.def Info: figuras/modelo_persp_comp.png  used on input line 11.
(pdftex.def)             Requested size: 411.12872pt x 197.133pt.

Overfull \hbox (9.19875pt too wide) in paragraph at lines 18--19
[]\OT1/ptm/m/n/12 O m[]odulo Se-le-tor atua re-ce-bendo os par[]ametros de exec
u[][]ao do sis-tema, adequando-
 []


Underfull \vbox (badness 10000) has occurred while \output is active []

 [31



 <./figuras/modelo_persp_comp.png>]
<figuras/ArvoreDecisao.png, id=183, 573.14125pt x 1147.28625pt>
File: figuras/ArvoreDecisao.png Graphic file (type png)
<use figuras/ArvoreDecisao.png>
Package pdftex.def Info: figuras/ArvoreDecisao.png  used on input line 28.
(pdftex.def)             Requested size: 315.22865pt x 631.00938pt.

Underfull \vbox (badness 10000) has occurred while \output is active []

 [32]
Overfull \hbox (5.1178pt too wide) in paragraph at lines 33--34
[]\OT1/ptm/m/n/12 A sele[][]ao e delimita[][]ao do con-junto de re-gras pode se
r feito por v[]arias t[]ecnicas,cita-
 []


Underfull \vbox (badness 10000) has occurred while \output is active []

 [33 <./figuras/ArvoreDecisao.png>]
<figuras/regraDecisao.png, id=191, 938.50626pt x 246.9225pt>
File: figuras/regraDecisao.png Graphic file (type png)
<use figuras/regraDecisao.png>
Package pdftex.def Info: figuras/regraDecisao.png  used on input line 45.
(pdftex.def)             Requested size: 469.25198pt x 123.46094pt.

Overfull \hbox (42.46065pt too wide) in paragraph at lines 45--46
 [][] 
 []

[34 <./figuras/regraDecisao.png>]
Overfull \hbox (24.71388pt too wide) in paragraph at lines 55--57
[]\OT1/ptm/m/n/12 Regras de Classifica[][]ao de-sen-vol-vem rela[][]oes para cr
i-a-rem um sis-tema de classifica[][]ao,
 []


Underfull \vbox (badness 10000) has occurred while \output is active []

 [35])
[36]
\openout2 = `capitulos/conclusao.aux'.

 (./capitulos/conclusao.tex
Cap\'{\i }tulo 6.

Underfull \vbox (badness 10000) has occurred while \output is active []

 [37



])
[38] (./modelo-de-tcc.bbl [39


] [40] [41]) [42] [43

] (./modelo-de-tcc.aux
(./pre-textual/dedicatoria.aux) (./pre-textual/agradecimento.aux)
(./pre-textual/epigrafe.aux) (./pre-textual/resumo-ptbr.aux)
(./pre-textual/resumo-en.aux) (./pre-textual/siglas.aux)
(./capitulos/introducao.aux) (./capitulos/fundamentos-conceituais.aux)
(./capitulos/revisao-de-literatura.aux) (./capitulos/metodologia.aux)
(./capitulos/resultados.aux) (./capitulos/conclusao.aux))

LaTeX Warning: There were undefined references.


LaTeX Warning: There were multiply-defined labels.

 ) 
Here is how much of TeX's memory you used:
 7328 strings out of 492982
 98621 string characters out of 6134895
 222710 words of memory out of 5000000
 10580 multiletter control sequences out of 15000+600000
 24650 words of font info for 66 fonts, out of 8000000 for 9000
 1141 hyphenation exceptions out of 8191
 41i,20n,28p,3224b,387s stack positions out of 5000i,500n,10000p,200000b,80000s
{/usr/share/texlive/texmf-dist/fonts/enc/dvips/base/8r.enc}</usr/share/texliv
e/texmf-dist/fonts/type1/public/amsfonts/cm/cmsy10.pfb></usr/share/texlive/texm
f-dist/fonts/type1/urw/times/utmb8a.pfb></usr/share/texlive/texmf-dist/fonts/ty
pe1/urw/times/utmbi8a.pfb></usr/share/texlive/texmf-dist/fonts/type1/urw/times/
utmr8a.pfb></usr/share/texlive/texmf-dist/fonts/type1/urw/times/utmri8a.pfb>
Output written on modelo-de-tcc.pdf (62 pages, 850653 bytes).
PDF statistics:
 246 PDF objects out of 1000 (max. 8388607)
 156 compressed objects within 2 object streams
 0 named destinations out of 1000 (max. 500000)
 56 words of extra memory for PDF output out of 10000 (max. 10000000)

